0 info it worked if it ends with ok
1 verbose cli [ 'node', '/usr/local/bin/npm', 'publish', '--force' ]
2 info using npm@1.4.28
3 info using node@v0.10.32
4 warn using --force I sure hope you know what you are doing.
5 verbose publish [ '.' ]
6 verbose cache add [ '.', null ]
7 verbose cache add name=undefined spec="." args=[".",null]
8 verbose parsed url { protocol: null,
8 verbose parsed url   slashes: null,
8 verbose parsed url   auth: null,
8 verbose parsed url   host: null,
8 verbose parsed url   port: null,
8 verbose parsed url   hostname: null,
8 verbose parsed url   hash: null,
8 verbose parsed url   search: null,
8 verbose parsed url   query: null,
8 verbose parsed url   pathname: '.',
8 verbose parsed url   path: '.',
8 verbose parsed url   href: '.' }
9 silly lockFile 3a52ce78- .
10 verbose lock . /Users/allen/.npm/3a52ce78-.lock
11 verbose tar pack [ '/Users/allen/.npm/her-preprocessor-fispadaptor/0.0.1/package.tgz',
11 verbose tar pack   '.' ]
12 verbose tarball /Users/allen/.npm/her-preprocessor-fispadaptor/0.0.1/package.tgz
13 verbose folder .
14 info prepublish her-preprocessor-fispadaptor@0.0.1
15 silly lockFile 1f1177db-tar tar://.
16 verbose lock tar://. /Users/allen/.npm/1f1177db-tar.lock
17 silly lockFile 612502f3-or-fispadaptor-0-0-1-package-tgz tar:///Users/allen/.npm/her-preprocessor-fispadaptor/0.0.1/package.tgz
18 verbose lock tar:///Users/allen/.npm/her-preprocessor-fispadaptor/0.0.1/package.tgz /Users/allen/.npm/612502f3-or-fispadaptor-0-0-1-package-tgz.lock
19 silly lockFile 1f1177db-tar tar://.
20 silly lockFile 1f1177db-tar tar://.
21 silly lockFile 612502f3-or-fispadaptor-0-0-1-package-tgz tar:///Users/allen/.npm/her-preprocessor-fispadaptor/0.0.1/package.tgz
22 silly lockFile 612502f3-or-fispadaptor-0-0-1-package-tgz tar:///Users/allen/.npm/her-preprocessor-fispadaptor/0.0.1/package.tgz
23 silly lockFile d8baebe6-cessor-fispadaptor-0-0-1-package /Users/allen/.npm/her-preprocessor-fispadaptor/0.0.1/package
24 verbose lock /Users/allen/.npm/her-preprocessor-fispadaptor/0.0.1/package /Users/allen/.npm/d8baebe6-cessor-fispadaptor-0-0-1-package.lock
25 silly lockFile d8baebe6-cessor-fispadaptor-0-0-1-package /Users/allen/.npm/her-preprocessor-fispadaptor/0.0.1/package
26 silly lockFile d8baebe6-cessor-fispadaptor-0-0-1-package /Users/allen/.npm/her-preprocessor-fispadaptor/0.0.1/package
27 silly lockFile 3a52ce78- .
28 silly lockFile 3a52ce78- .
29 silly publish { name: 'her-preprocessor-fispadaptor',
29 silly publish   version: '0.0.1',
29 silly publish   description: 'her预处理器,用于兼容fisp',
29 silly publish   main: 'index.js',
29 silly publish   scripts: { test: 'echo "Error: no test specified" && exit 1' },
29 silly publish   repository:
29 silly publish    { type: 'git',
29 silly publish      url: 'https://github.com/hao123-dev/her-preprocessor-fispadaptor.git' },
29 silly publish   keywords: [ 'her' ],
29 silly publish   author: { name: 'https://github.com/hao123-dev' },
29 silly publish   license: 'MIT',
29 silly publish   bugs: { url: 'https://github.com/hao123-dev/her-preprocessor-fispadaptor/issues' },
29 silly publish   readme: 'ERROR: No README data found!',
29 silly publish   homepage: 'https://github.com/hao123-dev/her-preprocessor-fispadaptor',
29 silly publish   _id: 'her-preprocessor-fispadaptor@0.0.1',
29 silly publish   _shasum: 'a8179611facf0631af2bb2768807e1137a4bfa50',
29 silly publish   _from: '.' }
30 verbose request where is /her-preprocessor-fispadaptor
31 verbose request registry https://registry.npmjs.org/
32 verbose request id 463f608e1bcd2246
33 verbose url raw /her-preprocessor-fispadaptor
34 verbose url resolving [ 'https://registry.npmjs.org/',
34 verbose url resolving   './her-preprocessor-fispadaptor' ]
35 verbose url resolved https://registry.npmjs.org/her-preprocessor-fispadaptor
36 verbose request where is https://registry.npmjs.org/her-preprocessor-fispadaptor
37 info trying registry request attempt 1 at 18:54:31
38 http PUT https://registry.npmjs.org/her-preprocessor-fispadaptor
39 http 403 https://registry.npmjs.org/her-preprocessor-fispadaptor
40 verbose headers { date: 'Mon, 22 Dec 2014 10:54:31 GMT',
40 verbose headers   server: 'CouchDB/1.5.0 (Erlang OTP/R16B03)',
40 verbose headers   'content-type': 'application/json',
40 verbose headers   'cache-control': 'max-age=60',
40 verbose headers   'content-length': '2261',
40 verbose headers   'accept-ranges': 'bytes',
40 verbose headers   via: '1.1 varnish',
40 verbose headers   'x-served-by': 'cache-ty67-TYO',
40 verbose headers   'x-cache': 'MISS',
40 verbose headers   'x-cache-hits': '0',
40 verbose headers   'x-timer': 'S1419245671.620970,VS0,VE122',
40 verbose headers   'keep-alive': 'timeout=10, max=50',
40 verbose headers   connection: 'Keep-Alive' }
41 error publish Failed PUT 403
42 error Error: forbidden cannot modify pre-existing version: 0.0.1
42 error old={"name":"her-preprocessor-fispadaptor","version":"0.0.1","description":"her预处理器,用于兼容fisp","main":"index.js","scripts":{"test":"echo \"Error: no test specified\" && exit 1"},"repository":{"type":"git","url":"https://github.com/hao123-dev/her-preprocessor-fispadaptor.git"},"keywords":["her"],"author":{"name":"https://github.com/hao123-dev"},"license":"MIT","bugs":{"url":"https://github.com/hao123-dev/her-preprocessor-fispadaptor/issues"},"homepage":"https://github.com/hao123-dev/her-preprocessor-fispadaptor","_id":"her-preprocessor-fispadaptor@0.0.1","_shasum":"7a93dee3168a7f51dedd3dee13398c7723d9162b","_from":".","_npmVersion":"1.4.28","_npmUser":{"name":"zhangwentao","email":"stori.tk@gmail.com"},"maintainers":[{"name":"zhangwentao","email":"stori.tk@gmail.com"}],"dist":{"shasum":"7a93dee3168a7f51dedd3dee13398c7723d9162b","tarball":"http://registry.npmjs.org/her-preprocessor-fispadaptor/-/her-preprocessor-fispadaptor-0.0.1.tgz"}}
42 error new={"name":"her-preprocessor-fispadaptor","version":"0.0.1","description":"her预处理器,用于兼容fisp","main":"index.js","scripts":{"test":"echo \"Error: no test specified\" && exit 1"},"repository":{"type":"git","url":"https://github.com/hao123-dev/her-preprocessor-fispadaptor.git"},"keywords":["her"],"author":{"name":"https://github.com/hao123-dev"},"license":"MIT","bugs":{"url":"https://github.com/hao123-dev/her-preprocessor-fispadaptor/issues"},"readme":"ERROR: No README data found!","homepage":"https://github.com/hao123-dev/her-preprocessor-fispadaptor","_id":"her-preprocessor-fispadaptor@0.0.1","_shasum":"a8179611facf0631af2bb2768807e1137a4bfa50","_from":".","_npmVersion":"1.4.28","_npmUser":{"name":"zhangwentao","email":"stori.tk@gmail.com"},"maintainers":[{"name":"zhangwentao","email":"stori.tk@gmail.com"}],"dist":{"shasum":"a8179611facf0631af2bb2768807e1137a4bfa50","tarball":"http://registry.npmjs.org/her-preprocessor-fispadaptor/-/her-preprocessor-fispadaptor-0.0.1.tgz"}}: her-preprocessor-fispadaptor
42 error     at RegClient.<anonymous> (/usr/local/lib/node_modules/npm/node_modules/npm-registry-client/lib/request.js:308:14)
42 error     at Request._callback (/usr/local/lib/node_modules/npm/node_modules/npm-registry-client/lib/request.js:246:65)
42 error     at Request.self.callback (/usr/local/lib/node_modules/npm/node_modules/request/request.js:236:22)
42 error     at Request.emit (events.js:98:17)
42 error     at Request.<anonymous> (/usr/local/lib/node_modules/npm/node_modules/request/request.js:1142:14)
42 error     at Request.emit (events.js:117:20)
42 error     at IncomingMessage.<anonymous> (/usr/local/lib/node_modules/npm/node_modules/request/request.js:1096:12)
42 error     at IncomingMessage.emit (events.js:117:20)
42 error     at _stream_readable.js:943:16
42 error     at process._tickCallback (node.js:419:13)
43 error If you need help, you may report this *entire* log,
43 error including the npm and node versions, at:
43 error     <http://github.com/npm/npm/issues>
44 error System Darwin 14.0.0
45 error command "node" "/usr/local/bin/npm" "publish" "--force"
46 error cwd /Users/allen/workspace/git/her-preprocessor-fispadaptor
47 error node -v v0.10.32
48 error npm -v 1.4.28
49 verbose exit [ 1, true ]
